
========================================================================
CASE A: BASELINE DEPTH DEPENDENCE
========================================================================
p=1 | grover=0.2583 | transverse=0.1349 | leakage=0.0494
p=2 | grover=0.6024 | transverse=0.2896 | leakage=0.0958
p=3 | grover=0.8969 | transverse=0.4741 | leakage=0.1218
p=4 | grover=1.0000 | transverse=0.6002 | leakage=0.1072
p=5 | grover=1.0000 | transverse=0.6706 | leakage=0.1130
p=6 | grover=1.0000 | transverse=0.9185 | leakage=0.0228
Saved report to: /Users/varundaiya/ampamp/library_implementation/library_transpile_gpu_showcase/full_scripts/[RESULT]1.1_QAOA_Grover_Laboratory_gpu_library/qaoa_case_a_baseline_library.txt

========================================================================
CASE B: MEDIUM-SCALE DEPTH DEPENDENCE
========================================================================

========================================================================
CASE A: BASELINE DEPTH DEPENDENCE
========================================================================
p=1 | grover=0.1348 | transverse=0.0730 | leakage=0.0259
p=2 | grover=0.3439 | transverse=0.1371 | leakage=0.0401
p=3 | grover=0.5914 | transverse=0.2408 | leakage=0.0608
p=4 | grover=0.8164 | transverse=0.3431 | leakage=0.0720
p=5 | grover=0.9635 | transverse=0.4006 | leakage=0.0902
Saved report to: /Users/varundaiya/ampamp/library_implementation/library_transpile_gpu_showcase/full_scripts/[RESULT]1.1_QAOA_Grover_Laboratory_gpu_library/qaoa_case_a_baseline_library.txt

========================================================================
CASE C: TARGET-SYMMETRY ANALYSIS
========================================================================
target= 0 | success=0.600161 | leakage=0.107232 | depth=311 | cx=144
target= 1 | success=0.493264 | leakage=0.141389 | depth=311 | cx=144
target= 3 | success=0.487259 | leakage=0.129670 | depth=311 | cx=144
target= 7 | success=0.514098 | leakage=0.137574 | depth=311 | cx=144
target=16 | success=0.455585 | leakage=0.162549 | depth=311 | cx=144
Saved report to: /Users/varundaiya/ampamp/library_implementation/library_transpile_gpu_showcase/full_scripts/[RESULT]1.1_QAOA_Grover_Laboratory_gpu_library/qaoa_case_c_target_symmetry_library.txt

========================================================================
CASE D: OPTIMIZATION-SENSITIVITY ANALYSIS
========================================================================
seed= 11 | success=0.599939 | leakage=0.106904 | depth=311 | cx=144
seed= 23 | success=0.493264 | leakage=0.141393 | depth=311 | cx=144
seed= 37 | success=0.487259 | leakage=0.129678 | depth=311 | cx=144
seed= 41 | success=0.600160 | leakage=0.107240 | depth=311 | cx=144
seed= 53 | success=0.493264 | leakage=0.141389 | depth=311 | cx=144
Saved report to: /Users/varundaiya/ampamp/library_implementation/library_transpile_gpu_showcase/full_scripts/[RESULT]1.1_QAOA_Grover_Laboratory_gpu_library/qaoa_case_d_optimizer_sensitivity_library.txt

========================================================================
CASE E: BACKEND AGREEMENT (LIBRARY TRANSPILE PROFILES)
========================================================================
Grover all-to-all depth=453, linear depth=941
Transverse all-to-all depth=234, linear depth=448
Saved report to: /Users/varundaiya/ampamp/library_implementation/library_transpile_gpu_showcase/full_scripts/[RESULT]1.1_QAOA_Grover_Laboratory_gpu_library/qaoa_case_e_backend_agreement_library.txt

========================================================================
CASE F: DENSE REFERENCE COMPUTATION
========================================================================

========================================================================
CASE A: BASELINE DEPTH DEPENDENCE
========================================================================
p=1 | grover=0.2583 | transverse=0.1349 | leakage=0.0494
p=2 | grover=0.6024 | transverse=0.1938 | leakage=0.0971
p=3 | grover=0.8969 | transverse=0.4741 | leakage=0.1218
p=4 | grover=1.0000 | transverse=0.6002 | leakage=0.1072
Saved report to: /Users/varundaiya/ampamp/library_implementation/library_transpile_gpu_showcase/full_scripts/[RESULT]1.1_QAOA_Grover_Laboratory_gpu_library/qaoa_case_a_baseline_library.txt
